[     150ms] [VERBOSE] [DOM] Input elements should have autocomplete attributes (suggested: "current-password"): (More info: https://goo.gl/9p2vKq) %o @ http://localhost:3000/loket/login:0
[     235ms] [INFO] %cDownload the React DevTools for a better development experience: https://react.dev/link/react-devtools font-weight:bold @ http://localhost:3000/_next/static/chunks/12kg_next_dist_0b2~8qx._.js:2431
[     600ms] [LOG] [HMR] connected @ http://localhost:3000/_next/static/chunks/12kg_next_dist_0b2~8qx._.js:2431
[    1237ms] [ERROR] Failed to load resource: the server responded with a status of 401 (Unauthorized) @ http://localhost:8000/api/v1/auth/me:0
[    1333ms] [INFO] %cDownload the React DevTools for a better development experience: https://react.dev/link/react-devtools font-weight:bold @ http://localhost:3000/_next/static/chunks/12kg_next_dist_0b2~8qx._.js:2431
[    1693ms] [LOG] [HMR] connected @ http://localhost:3000/_next/static/chunks/12kg_next_dist_0b2~8qx._.js:2431
[    2051ms] [ERROR] Failed to load resource: the server responded with a status of 401 (Unauthorized) @ http://localhost:8000/api/v1/auth/me:0
[    2225ms] [VERBOSE] [DOM] Input elements should have autocomplete attributes (suggested: "current-password"): (More info: https://goo.gl/9p2vKq) %o @ http://localhost:3000/login:0
[   57230ms] [LOG] [Fast Refresh] rebuilding @ http://localhost:3000/_next/static/chunks/12kg_next_dist_0b2~8qx._.js:2431
[   57325ms] [WARNING] [Fast Refresh] performing full reload

Fast Refresh will perform a full reload when you edit a file that's imported by modules outside of the React rendering tree.
You might have a file which exports a React component but also exports a value that is imported by a non-React component file.
Consider migrating the non-React component export to a separate file and importing it into both files.

It is also possible the parent component of the component you edited is a class component, which disables Fast Refresh.
Fast Refresh requires at least one parent function component in your React tree. @ http://localhost:3000/_next/static/chunks/12kg_next_dist_0b2~8qx._.js:2431
[   57363ms] [WARNING] [Fast Refresh] performing full reload

Fast Refresh will perform a full reload when you edit a file that's imported by modules outside of the React rendering tree.
You might have a file which exports a React component but also exports a value that is imported by a non-React component file.
Consider migrating the non-React component export to a separate file and importing it into both files.

It is also possible the parent component of the component you edited is a class component, which disables Fast Refresh.
Fast Refresh requires at least one parent function component in your React tree. @ http://localhost:3000/_next/static/chunks/12kg_next_dist_0b2~8qx._.js:2431
[   57365ms] [LOG] [Fast Refresh] done in 236ms @ http://localhost:3000/_next/static/chunks/12kg_next_dist_0b2~8qx._.js:2431
[   58074ms] [INFO] %cDownload the React DevTools for a better development experience: https://react.dev/link/react-devtools font-weight:bold @ http://localhost:3000/_next/static/chunks/12kg_next_dist_0b2~8qx._.js:2431
[   58116ms] [LOG] [HMR] connected @ http://localhost:3000/_next/static/chunks/12kg_next_dist_0b2~8qx._.js:2431
[   59197ms] [ERROR] Failed to load resource: the server responded with a status of 401 (Unauthorized) @ http://localhost:8000/api/v1/auth/me:0
[   59282ms] [INFO] %cDownload the React DevTools for a better development experience: https://react.dev/link/react-devtools font-weight:bold @ http://localhost:3000/_next/static/chunks/12kg_next_dist_0b2~8qx._.js:2431
[   59293ms] [LOG] [HMR] connected @ http://localhost:3000/_next/static/chunks/12kg_next_dist_0b2~8qx._.js:2431
[   61419ms] [ERROR] Failed to load resource: the server responded with a status of 401 (Unauthorized) @ http://localhost:8000/api/v1/auth/me:0
[   61571ms] [VERBOSE] [DOM] Input elements should have autocomplete attributes (suggested: "current-password"): (More info: https://goo.gl/9p2vKq) %o @ http://localhost:3000/login:0
